<?xml version="1.0" encoding="UTF-8"?>
<testsuite name="at.redi2go.photonic.client.rendering.patching.ShaderPatchRegressionTest" tests="2" skipped="0" failures="0" errors="0" timestamp="2026-03-02T02:30:47.673Z" hostname="LAPTOP-3EJOJ4TU" time="0.002">
  <properties/>
  <testcase name="complementaryPatchDeclaresPhotonicsSupport()" classname="at.redi2go.photonic.client.rendering.patching.ShaderPatchRegressionTest" time="0.001"/>
  <testcase name="bslDeferredPatchIncludesRadiosityUniforms()" classname="at.redi2go.photonic.client.rendering.patching.ShaderPatchRegressionTest" time="0.001"/>
  <system-out><![CDATA[]]></system-out>
  <system-err><![CDATA[]]></system-err>
</testsuite>
