<?xml version="1.0" encoding="UTF-8"?>
<testsuite name="at.redi2go.photonic.client.rendering.patching.WaterSurfaceReflectionPatchTest" tests="9" skipped="1" failures="1" errors="0" timestamp="2026-03-02T02:30:47.677Z" hostname="LAPTOP-3EJOJ4TU" time="0.02">
  <properties/>
  <testcase name="waterPatchFileExistsAndTargetsCorrectProgram()" classname="at.redi2go.photonic.client.rendering.patching.WaterSurfaceReflectionPatchTest" time="0.001"/>
  <testcase name="r2PatchJsonDoesNotContainEuphoriaSpecificIdentifiers()" classname="at.redi2go.photonic.client.rendering.patching.WaterSurfaceReflectionPatchTest" time="0.002">
    <skipped message="Assumption failed: Missing r2 patch.json: assets\photonic\shaders\patches\ComplementaryReimagined_r2.0.3\patch.json" type="org.opentest4j.TestAbortedException">org.opentest4j.TestAbortedException: Assumption failed: Missing r2 patch.json: assets\photonic\shaders\patches\ComplementaryReimagined_r2.0.3\patch.json
	at org.junit.jupiter.api.Assumptions.throwAssumptionFailed(Assumptions.java:321)
	at org.junit.jupiter.api.Assumptions.assumeTrue(Assumptions.java:106)
	at at.redi2go.photonic.client.rendering.patching.WaterSurfaceReflectionPatchTest.r2PatchJsonDoesNotContainEuphoriaSpecificIdentifiers(WaterSurfaceReflectionPatchTest.java:159)
	at java.base/java.lang.reflect.Method.invoke(Method.java:580)
	at java.base/java.util.ArrayList.forEach(ArrayList.java:1596)
	at java.base/java.util.ArrayList.forEach(ArrayList.java:1596)
</skipped>
  </testcase>
  <testcase name="patchedWaterHasNoRemainingDrawbuffersDirectives()" classname="at.redi2go.photonic.client.rendering.patching.WaterSurfaceReflectionPatchTest" time="0.001"/>
  <testcase name="fragDataIndicesDoNotExceedRenderTargetCount()" classname="at.redi2go.photonic.client.rendering.patching.WaterSurfaceReflectionPatchTest" time="0.005"/>
  <testcase name="r2PatchDoesNotHaveWaterPatch()" classname="at.redi2go.photonic.client.rendering.patching.WaterSurfaceReflectionPatchTest" time="0.001"/>
  <testcase name="patchedWaterContainsOldAlbedoBeforeDoLighting()" classname="at.redi2go.photonic.client.rendering.patching.WaterSurfaceReflectionPatchTest" time="0.001"/>
  <testcase name="allRenderTargetDirectivesIncludePhotonicsBuffers()" classname="at.redi2go.photonic.client.rendering.patching.WaterSurfaceReflectionPatchTest" time="0.002"/>
  <testcase name="allWaterPatchAnchorsResolveExactlyOnceInSource()" classname="at.redi2go.photonic.client.rendering.patching.WaterSurfaceReflectionPatchTest" time="0.001"/>
  <testcase name="patchedWaterWritesOldAlbedoAndGeoNormalFragData()" classname="at.redi2go.photonic.client.rendering.patching.WaterSurfaceReflectionPatchTest" time="0.002">
    <failure message="org.opentest4j.AssertionFailedError: Patched water must write encoded geoNormal to a fragData buffer ==&gt; expected: &lt;true&gt; but was: &lt;false&gt;" type="org.opentest4j.AssertionFailedError">org.opentest4j.AssertionFailedError: Patched water must write encoded geoNormal to a fragData buffer ==&gt; expected: &lt;true&gt; but was: &lt;false&gt;
	at app//org.junit.jupiter.api.AssertionFailureBuilder.build(AssertionFailureBuilder.java:151)
	at app//org.junit.jupiter.api.AssertionFailureBuilder.buildAndThrow(AssertionFailureBuilder.java:132)
	at app//org.junit.jupiter.api.AssertTrue.failNotTrue(AssertTrue.java:63)
	at app//org.junit.jupiter.api.AssertTrue.assertTrue(AssertTrue.java:36)
	at app//org.junit.jupiter.api.Assertions.assertTrue(Assertions.java:214)
	at app//at.redi2go.photonic.client.rendering.patching.WaterSurfaceReflectionPatchTest.patchedWaterWritesOldAlbedoAndGeoNormalFragData(WaterSurfaceReflectionPatchTest.java:116)
	at java.base@21.0.6/java.lang.reflect.Method.invoke(Method.java:580)
	at java.base@21.0.6/java.util.ArrayList.forEach(ArrayList.java:1596)
	at java.base@21.0.6/java.util.ArrayList.forEach(ArrayList.java:1596)
</failure>
  </testcase>
  <system-out><![CDATA[]]></system-out>
  <system-err><![CDATA[]]></system-err>
</testsuite>
