<?xml version="1.0" encoding="UTF-8"?>
<testsuite name="at.redi2go.photonic.client.rendering.patching.ComplementaryCastLightPixelizationPatchTest" tests="5" skipped="3" failures="2" errors="0" timestamp="2026-03-02T02:30:46.818Z" hostname="LAPTOP-3EJOJ4TU" time="0.017">
  <properties/>
  <testcase name="euphoriaCastPixelizationUsesEdgeGuardAndDarkPixelFastPath()" classname="at.redi2go.photonic.client.rendering.patching.ComplementaryCastLightPixelizationPatchTest" time="0.003">
    <failure message="org.opentest4j.AssertionFailedError: expected: &lt;true&gt; but was: &lt;false&gt;" type="org.opentest4j.AssertionFailedError">org.opentest4j.AssertionFailedError: expected: &lt;true&gt; but was: &lt;false&gt;
	at app//org.junit.jupiter.api.AssertionFailureBuilder.build(AssertionFailureBuilder.java:151)
	at app//org.junit.jupiter.api.AssertionFailureBuilder.buildAndThrow(AssertionFailureBuilder.java:132)
	at app//org.junit.jupiter.api.AssertTrue.failNotTrue(AssertTrue.java:63)
	at app//org.junit.jupiter.api.AssertTrue.assertTrue(AssertTrue.java:36)
	at app//org.junit.jupiter.api.AssertTrue.assertTrue(AssertTrue.java:31)
	at app//org.junit.jupiter.api.Assertions.assertTrue(Assertions.java:183)
	at app//at.redi2go.photonic.client.rendering.patching.ComplementaryCastLightPixelizationPatchTest.euphoriaCastPixelizationUsesEdgeGuardAndDarkPixelFastPath(ComplementaryCastLightPixelizationPatchTest.java:125)
	at java.base@21.0.6/java.lang.reflect.Method.invoke(Method.java:580)
	at java.base@21.0.6/java.util.ArrayList.forEach(ArrayList.java:1596)
	at java.base@21.0.6/java.util.ArrayList.forEach(ArrayList.java:1596)
</failure>
  </testcase>
  <testcase name="r2PatchDeclaresCastLightPixelizationControls()" classname="at.redi2go.photonic.client.rendering.patching.ComplementaryCastLightPixelizationPatchTest" time="0.002">
    <skipped message="Assumption failed: Missing r2 patch file: assets\photonic\shaders\patches\ComplementaryReimagined_r2.0.3\deferred1.glsl" type="org.opentest4j.TestAbortedException">org.opentest4j.TestAbortedException: Assumption failed: Missing r2 patch file: assets\photonic\shaders\patches\ComplementaryReimagined_r2.0.3\deferred1.glsl
	at org.junit.jupiter.api.Assumptions.throwAssumptionFailed(Assumptions.java:321)
	at org.junit.jupiter.api.Assumptions.assumeTrue(Assumptions.java:106)
	at at.redi2go.photonic.client.rendering.patching.ComplementaryCastLightPixelizationPatchTest.r2PatchDeclaresCastLightPixelizationControls(ComplementaryCastLightPixelizationPatchTest.java:29)
	at java.base/java.lang.reflect.Method.invoke(Method.java:580)
	at java.base/java.util.ArrayList.forEach(ArrayList.java:1596)
	at java.base/java.util.ArrayList.forEach(ArrayList.java:1596)
</skipped>
  </testcase>
  <testcase name="euphoriaPatchPixelizesFilteredCastLightOnly()" classname="at.redi2go.photonic.client.rendering.patching.ComplementaryCastLightPixelizationPatchTest" time="0.005">
    <failure message="org.opentest4j.AssertionFailedError: expected: &lt;true&gt; but was: &lt;false&gt;" type="org.opentest4j.AssertionFailedError">org.opentest4j.AssertionFailedError: expected: &lt;true&gt; but was: &lt;false&gt;
	at app//org.junit.jupiter.api.AssertionFailureBuilder.build(AssertionFailureBuilder.java:151)
	at app//org.junit.jupiter.api.AssertionFailureBuilder.buildAndThrow(AssertionFailureBuilder.java:132)
	at app//org.junit.jupiter.api.AssertTrue.failNotTrue(AssertTrue.java:63)
	at app//org.junit.jupiter.api.AssertTrue.assertTrue(AssertTrue.java:36)
	at app//org.junit.jupiter.api.AssertTrue.assertTrue(AssertTrue.java:31)
	at app//org.junit.jupiter.api.Assertions.assertTrue(Assertions.java:183)
	at app//at.redi2go.photonic.client.rendering.patching.ComplementaryCastLightPixelizationPatchTest.euphoriaPatchPixelizesFilteredCastLightOnly(ComplementaryCastLightPixelizationPatchTest.java:87)
	at java.base@21.0.6/java.lang.reflect.Method.invoke(Method.java:580)
	at java.base@21.0.6/java.util.ArrayList.forEach(ArrayList.java:1596)
	at java.base@21.0.6/java.util.ArrayList.forEach(ArrayList.java:1596)
</failure>
  </testcase>
  <testcase name="r2PatchedDeferredPixelizesCastDirectLightingOnly()" classname="at.redi2go.photonic.client.rendering.patching.ComplementaryCastLightPixelizationPatchTest" time="0.003">
    <skipped message="Assumption failed: Missing r2 patch file: assets\photonic\shaders\patches\ComplementaryReimagined_r2.0.3\deferred1.glsl" type="org.opentest4j.TestAbortedException">org.opentest4j.TestAbortedException: Assumption failed: Missing r2 patch file: assets\photonic\shaders\patches\ComplementaryReimagined_r2.0.3\deferred1.glsl
	at org.junit.jupiter.api.Assumptions.throwAssumptionFailed(Assumptions.java:321)
	at org.junit.jupiter.api.Assumptions.assumeTrue(Assumptions.java:106)
	at at.redi2go.photonic.client.rendering.patching.ComplementaryCastLightPixelizationPatchTest.r2PatchedDeferredPixelizesCastDirectLightingOnly(ComplementaryCastLightPixelizationPatchTest.java:48)
	at java.base/java.lang.reflect.Method.invoke(Method.java:580)
	at java.base/java.util.ArrayList.forEach(ArrayList.java:1596)
	at java.base/java.util.ArrayList.forEach(ArrayList.java:1596)
</skipped>
  </testcase>
  <testcase name="castPixelizationDefaultsAreStrongEnoughToBeVisible()" classname="at.redi2go.photonic.client.rendering.patching.ComplementaryCastLightPixelizationPatchTest" time="0.002">
    <skipped message="Assumption failed: Missing r2 properties: assets\photonic\shaders\patches\ComplementaryReimagined_r2.0.3\shaders.properties" type="org.opentest4j.TestAbortedException">org.opentest4j.TestAbortedException: Assumption failed: Missing r2 properties: assets\photonic\shaders\patches\ComplementaryReimagined_r2.0.3\shaders.properties
	at org.junit.jupiter.api.Assumptions.throwAssumptionFailed(Assumptions.java:321)
	at org.junit.jupiter.api.Assumptions.assumeTrue(Assumptions.java:106)
	at at.redi2go.photonic.client.rendering.patching.ComplementaryCastLightPixelizationPatchTest.castPixelizationDefaultsAreStrongEnoughToBeVisible(ComplementaryCastLightPixelizationPatchTest.java:153)
	at java.base/java.lang.reflect.Method.invoke(Method.java:580)
	at java.base/java.util.ArrayList.forEach(ArrayList.java:1596)
	at java.base/java.util.ArrayList.forEach(ArrayList.java:1596)
</skipped>
  </testcase>
  <system-out><![CDATA[]]></system-out>
  <system-err><![CDATA[]]></system-err>
</testsuite>
