<?xml version="1.0" encoding="UTF-8"?>
<testsuite name="at.redi2go.photonic.client.rendering.patching.ComplementaryAdapterPatchTest" tests="6" skipped="6" failures="0" errors="0" timestamp="2026-03-02T02:30:46.805Z" hostname="LAPTOP-3EJOJ4TU" time="0.001">
  <properties/>
  <testcase name="adapterPatchFilesExistAndTargetPhotonicsFiles()" classname="at.redi2go.photonic.client.rendering.patching.ComplementaryAdapterPatchTest" time="0.0">
    <skipped/>
  </testcase>
  <testcase name="shaderInterfacePatchedOutputProvidesRequiredSymbolsWithComplementaryApis()" classname="at.redi2go.photonic.client.rendering.patching.ComplementaryAdapterPatchTest" time="0.0">
    <skipped/>
  </testcase>
  <testcase name="phIndirectPatchedOutputWritesRenderTarget12()" classname="at.redi2go.photonic.client.rendering.patching.ComplementaryAdapterPatchTest" time="0.0">
    <skipped/>
  </testcase>
  <testcase name="referencedComplementaryIncludesExist()" classname="at.redi2go.photonic.client.rendering.patching.ComplementaryAdapterPatchTest" time="0.0">
    <skipped/>
  </testcase>
  <testcase name="adapterReplaceAnchorsExistExactlyOnceInBasePhotonicSources()" classname="at.redi2go.photonic.client.rendering.patching.ComplementaryAdapterPatchTest" time="0.0">
    <skipped/>
  </testcase>
  <testcase name="phScreenPatchedOutputExportsSunAndUpVectors()" classname="at.redi2go.photonic.client.rendering.patching.ComplementaryAdapterPatchTest" time="0.0">
    <skipped/>
  </testcase>
  <system-out><![CDATA[]]></system-out>
  <system-err><![CDATA[]]></system-err>
</testsuite>
