<?xml version="1.0" encoding="UTF-8"?>
<testsuite name="at.redi2go.photonic.client.rendering.patching.ComplementaryDeferredPatchTest" tests="3" skipped="3" failures="0" errors="0" timestamp="2026-03-02T02:30:46.839Z" hostname="LAPTOP-3EJOJ4TU" time="0.001">
  <properties/>
  <testcase name="deferredPatchTargetsCorrectProgram()" classname="at.redi2go.photonic.client.rendering.patching.ComplementaryDeferredPatchTest" time="0.0">
    <skipped/>
  </testcase>
  <testcase name="deferredPatchAnchorsExistExactlyOnceInSource()" classname="at.redi2go.photonic.client.rendering.patching.ComplementaryDeferredPatchTest" time="0.0">
    <skipped/>
  </testcase>
  <testcase name="deferredPatchedOutputContainsPhotonicsAdditiveComposition()" classname="at.redi2go.photonic.client.rendering.patching.ComplementaryDeferredPatchTest" time="0.0">
    <skipped/>
  </testcase>
  <system-out><![CDATA[]]></system-out>
  <system-err><![CDATA[]]></system-err>
</testsuite>
