<?xml version="1.0" encoding="UTF-8"?>
<testsuite name="at.redi2go.photonic.client.rendering.patching.ComplementaryFinalOilifyPatchTest" tests="2" skipped="0" failures="0" errors="0" timestamp="2026-03-02T02:30:46.953Z" hostname="LAPTOP-3EJOJ4TU" time="0.003">
  <properties/>
  <testcase name="oilifyPatchRunsAfterFinalColorButBeforeDithering()" classname="at.redi2go.photonic.client.rendering.patching.ComplementaryFinalOilifyPatchTest" time="0.001"/>
  <testcase name="oilifyPatchInjectsInsaneShaderCompatibleKernel()" classname="at.redi2go.photonic.client.rendering.patching.ComplementaryFinalOilifyPatchTest" time="0.001"/>
  <system-out><![CDATA[]]></system-out>
  <system-err><![CDATA[]]></system-err>
</testsuite>
