<?xml version="1.0" encoding="UTF-8"?>
<testsuite name="at.redi2go.photonic.client.rendering.patching.PhotonicsLightingShaderTemporalTest" tests="6" skipped="0" failures="0" errors="0" timestamp="2026-03-02T02:30:47.665Z" hostname="LAPTOP-3EJOJ4TU" time="0.006">
  <properties/>
  <testcase name="handheldLightingUsesReferenceVisibilityAndNormalDot()" classname="at.redi2go.photonic.client.rendering.patching.PhotonicsLightingShaderTemporalTest" time="0.0"/>
  <testcase name="lightingPathsDoNotUseSanitizationHelpersInReferenceShader()" classname="at.redi2go.photonic.client.rendering.patching.PhotonicsLightingShaderTemporalTest" time="0.0"/>
  <testcase name="directLightingUsesReferencePerLightIteration()" classname="at.redi2go.photonic.client.rendering.patching.PhotonicsLightingShaderTemporalTest" time="0.001"/>
  <testcase name="directAndSoftTemporalBuffersUseReferenceResetPath()" classname="at.redi2go.photonic.client.rendering.patching.PhotonicsLightingShaderTemporalTest" time="0.001"/>
  <testcase name="temporalBuffersUseReferenceDecay()" classname="at.redi2go.photonic.client.rendering.patching.PhotonicsLightingShaderTemporalTest" time="0.001"/>
  <testcase name="softShadowSamplingUsesReferenceBasisConstruction()" classname="at.redi2go.photonic.client.rendering.patching.PhotonicsLightingShaderTemporalTest" time="0.001"/>
  <system-out><![CDATA[]]></system-out>
  <system-err><![CDATA[]]></system-err>
</testsuite>
