<?xml version="1.0" encoding="UTF-8"?>
<testsuite name="at.redi2go.photonic.client.rendering.patching.ComplementaryGbufferPatchTest" tests="8" skipped="8" failures="0" errors="0" timestamp="2026-03-02T02:30:46.961Z" hostname="LAPTOP-3EJOJ4TU" time="0.001">
  <properties/>
  <testcase name="allPatchFilesExistAndTargetCorrectProgram()" classname="at.redi2go.photonic.client.rendering.patching.ComplementaryGbufferPatchTest" time="0.0">
    <skipped/>
  </testcase>
  <testcase name="eachPatchHasAtLeastTwoRenderTargetDirectives()" classname="at.redi2go.photonic.client.rendering.patching.ComplementaryGbufferPatchTest" time="0.0">
    <skipped/>
  </testcase>
  <testcase name="allReplaceAnchorsExistExactlyOnceInSource()" classname="at.redi2go.photonic.client.rendering.patching.ComplementaryGbufferPatchTest" time="0.0">
    <skipped/>
  </testcase>
  <testcase name="allDrawbuffersReplacedWithRenderTargets()" classname="at.redi2go.photonic.client.rendering.patching.ComplementaryGbufferPatchTest" time="0.0">
    <skipped/>
  </testcase>
  <testcase name="fragDataIndicesDoNotExceedRenderTargetCount()" classname="at.redi2go.photonic.client.rendering.patching.ComplementaryGbufferPatchTest" time="0.0">
    <skipped/>
  </testcase>
  <testcase name="nonBasicPatchesUseNormalM()" classname="at.redi2go.photonic.client.rendering.patching.ComplementaryGbufferPatchTest" time="0.0">
    <skipped/>
  </testcase>
  <testcase name="basicPatchUsesNormalNotNormalM()" classname="at.redi2go.photonic.client.rendering.patching.ComplementaryGbufferPatchTest" time="0.0">
    <skipped/>
  </testcase>
  <testcase name="patchedOutputContainsOldAlbedoAndRenderTargets()" classname="at.redi2go.photonic.client.rendering.patching.ComplementaryGbufferPatchTest" time="0.0">
    <skipped/>
  </testcase>
  <system-out><![CDATA[]]></system-out>
  <system-err><![CDATA[]]></system-err>
</testsuite>
