<?xml version="1.0" encoding="UTF-8"?>
<testsuite name="at.redi2go.photonic.client.rendering.patching.ComplementaryCastLightPixelizationPatchTest" tests="6" skipped="3" failures="0" errors="0" timestamp="2026-03-03T00:24:01.248Z" hostname="LAPTOP-3EJOJ4TU" time="0.024">
  <properties/>
  <testcase name="euphoriaCastPixelizationUsesEdgeGuardAndDarkPixelFastPath()" classname="at.redi2go.photonic.client.rendering.patching.ComplementaryCastLightPixelizationPatchTest" time="0.001"/>
  <testcase name="r2PatchDeclaresCastLightPixelizationControls()" classname="at.redi2go.photonic.client.rendering.patching.ComplementaryCastLightPixelizationPatchTest" time="0.008">
    <skipped message="Assumption failed: Missing r2 patch file: assets\photonic\shaders\patches\ComplementaryReimagined_r2.0.3\deferred1.glsl" type="org.opentest4j.TestAbortedException">org.opentest4j.TestAbortedException: Assumption failed: Missing r2 patch file: assets\photonic\shaders\patches\ComplementaryReimagined_r2.0.3\deferred1.glsl
	at org.junit.jupiter.api.Assumptions.throwAssumptionFailed(Assumptions.java:321)
	at org.junit.jupiter.api.Assumptions.assumeTrue(Assumptions.java:106)
	at at.redi2go.photonic.client.rendering.patching.ComplementaryCastLightPixelizationPatchTest.r2PatchDeclaresCastLightPixelizationControls(ComplementaryCastLightPixelizationPatchTest.java:29)
	at java.base/java.lang.reflect.Method.invoke(Method.java:580)
	at java.base/java.util.ArrayList.forEach(ArrayList.java:1596)
	at java.base/java.util.ArrayList.forEach(ArrayList.java:1596)
</skipped>
  </testcase>
  <testcase name="euphoriaDebugPixelationBypassesAlbedoShading()" classname="at.redi2go.photonic.client.rendering.patching.ComplementaryCastLightPixelizationPatchTest" time="0.001"/>
  <testcase name="euphoriaPatchPixelizesFilteredCastLightOnly()" classname="at.redi2go.photonic.client.rendering.patching.ComplementaryCastLightPixelizationPatchTest" time="0.005"/>
  <testcase name="r2PatchedDeferredPixelizesCastDirectLightingOnly()" classname="at.redi2go.photonic.client.rendering.patching.ComplementaryCastLightPixelizationPatchTest" time="0.004">
    <skipped message="Assumption failed: Missing r2 patch file: assets\photonic\shaders\patches\ComplementaryReimagined_r2.0.3\deferred1.glsl" type="org.opentest4j.TestAbortedException">org.opentest4j.TestAbortedException: Assumption failed: Missing r2 patch file: assets\photonic\shaders\patches\ComplementaryReimagined_r2.0.3\deferred1.glsl
	at org.junit.jupiter.api.Assumptions.throwAssumptionFailed(Assumptions.java:321)
	at org.junit.jupiter.api.Assumptions.assumeTrue(Assumptions.java:106)
	at at.redi2go.photonic.client.rendering.patching.ComplementaryCastLightPixelizationPatchTest.r2PatchedDeferredPixelizesCastDirectLightingOnly(ComplementaryCastLightPixelizationPatchTest.java:48)
	at java.base/java.lang.reflect.Method.invoke(Method.java:580)
	at java.base/java.util.ArrayList.forEach(ArrayList.java:1596)
	at java.base/java.util.ArrayList.forEach(ArrayList.java:1596)
</skipped>
  </testcase>
  <testcase name="castPixelizationDefaultsAreStrongEnoughToBeVisible()" classname="at.redi2go.photonic.client.rendering.patching.ComplementaryCastLightPixelizationPatchTest" time="0.003">
    <skipped message="Assumption failed: Missing r2 properties: assets\photonic\shaders\patches\ComplementaryReimagined_r2.0.3\shaders.properties" type="org.opentest4j.TestAbortedException">org.opentest4j.TestAbortedException: Assumption failed: Missing r2 properties: assets\photonic\shaders\patches\ComplementaryReimagined_r2.0.3\shaders.properties
	at org.junit.jupiter.api.Assumptions.throwAssumptionFailed(Assumptions.java:321)
	at org.junit.jupiter.api.Assumptions.assumeTrue(Assumptions.java:106)
	at at.redi2go.photonic.client.rendering.patching.ComplementaryCastLightPixelizationPatchTest.castPixelizationDefaultsAreStrongEnoughToBeVisible(ComplementaryCastLightPixelizationPatchTest.java:162)
	at java.base/java.lang.reflect.Method.invoke(Method.java:580)
	at java.base/java.util.ArrayList.forEach(ArrayList.java:1596)
	at java.base/java.util.ArrayList.forEach(ArrayList.java:1596)
</skipped>
  </testcase>
  <system-out><![CDATA[]]></system-out>
  <system-err><![CDATA[]]></system-err>
</testsuite>
