<?xml version="1.0" encoding="UTF-8"?>
<testsuite name="at.redi2go.photonic.client.rendering.patching.PhotonicsLightingShaderTemporalTest" tests="9" skipped="0" failures="0" errors="0" timestamp="2026-03-03T00:24:01.284Z" hostname="LAPTOP-3EJOJ4TU" time="0.011">
  <properties/>
  <testcase name="pixelationDebugProbeEncodesSurfaceMetadata()" classname="at.redi2go.photonic.client.rendering.patching.PhotonicsLightingShaderTemporalTest" time="0.001"/>
  <testcase name="handheldLightingUsesReferenceVisibilityAndNormalDot()" classname="at.redi2go.photonic.client.rendering.patching.PhotonicsLightingShaderTemporalTest" time="0.001"/>
  <testcase name="pixelationDebugVisualizationUsesFlatYellowWhiteTiles()" classname="at.redi2go.photonic.client.rendering.patching.PhotonicsLightingShaderTemporalTest" time="0.001"/>
  <testcase name="lightingPathsDoNotUseSanitizationHelpersInReferenceShader()" classname="at.redi2go.photonic.client.rendering.patching.PhotonicsLightingShaderTemporalTest" time="0.001"/>
  <testcase name="directLightingUsesReferencePerLightIteration()" classname="at.redi2go.photonic.client.rendering.patching.PhotonicsLightingShaderTemporalTest" time="0.001"/>
  <testcase name="directAndSoftTemporalBuffersUseReferenceResetPath()" classname="at.redi2go.photonic.client.rendering.patching.PhotonicsLightingShaderTemporalTest" time="0.0"/>
  <testcase name="shadowPixelationUsesDeterministicFaceAxisAndInwardBias()" classname="at.redi2go.photonic.client.rendering.patching.PhotonicsLightingShaderTemporalTest" time="0.001"/>
  <testcase name="temporalBuffersUseReferenceDecay()" classname="at.redi2go.photonic.client.rendering.patching.PhotonicsLightingShaderTemporalTest" time="0.002"/>
  <testcase name="softShadowSamplingUsesReferenceBasisConstruction()" classname="at.redi2go.photonic.client.rendering.patching.PhotonicsLightingShaderTemporalTest" time="0.001"/>
  <system-out><![CDATA[]]></system-out>
  <system-err><![CDATA[]]></system-err>
</testsuite>
