<?xml version="1.0" encoding="UTF-8"?>
<testsuite name="at.redi2go.photonic.client.rendering.patching.CastLightHistoryStabilityRegressionTest" tests="1" skipped="0" failures="0" errors="0" timestamp="2026-03-03T00:24:01.222Z" hostname="LAPTOP-3EJOJ4TU" time="0.018">
  <properties/>
  <testcase name="shadowPixelationUsesRtSpaceSurfaceSnappingWithoutBreakingLightLookup()" classname="at.redi2go.photonic.client.rendering.patching.CastLightHistoryStabilityRegressionTest" time="0.018"/>
  <system-out><![CDATA[]]></system-out>
  <system-err><![CDATA[]]></system-err>
</testsuite>
